{"ts":"2018-08-31T02:34:14.794","pid":4892,"tid":"197c","sev":"info","req":"-","sess":"-","k":"fault-reporting-init","v":{"log-path":"E:\\Vonny\\Documents\\Persecuci-n-Pol-tica-en-Colombia-2017\\Registros\\hyperd-error_4892_18-0831-023414.log"}}
{"ts":"2018-08-31T02:34:14.804","pid":4892,"tid":"197c","sev":"info","req":"-","sess":"-","k":"startup-info","v":{"command-line":"C:\\Program Files\\Tableau\\Tableau 2018.2\\bin\\hyper\\hyperd.exe --init overwrite --skip-license --no-password --no-ssl --init-user tableau_internal_user -x language=es_ES -x persist_redo_log=false --log-dir E:\\Vonny\\Documents\\Persecuci-n-Pol-tica-en-Colombia-2017\\Registros -x log_config=file,json,all,hyperd,0 -x log_file_backup_size_limit=1m -x Tableau.LogLevel.Info --database C:\\Users\\Vonny\\AppData\\Local\\Temp\\TableauTemp\\15nkiom18c4zsc17jdlyc15qf7aw\\hyper_db --listen-connection tab.pipe://./pipe/auto --callback-connection tab.pipe://./pipe/{C4FDF726-EABA-415F-9D56-B84060A37C20} run","server-version":"9.1.0","build-version":"2018.2.0.4363.rc1a2d74e","build-type":"Release (msvc)","build-cpu-features":["sse2","sse4.2"],"config-file":"<not specified>","settings":{"Hyper.Mode.Experimental": "", "Hyper.Mode.Standard": "", "Tableau.LogLevel.Debug": "", "Tableau.LogLevel.Error": "", "Tableau.LogLevel.Fatal": "", "Tableau.LogLevel.Info": "", "Tableau.LogLevel.Off": "", "Tableau.LogLevel.Trace": "", "Tableau.LogLevel.Warn": "", "date_style": "ISO, MDY", "extra_float_digits": 0, "file_partition_size_limit": 0, "global_file_partition_size_limit": 0, "initial_random_seed": 13, "lambda_restriction_only_if_unreusable": true, "language": "<printing not supported>", "log_block_partition": false, "log_bulk_insert": false, "log_code_metrics": false, "log_common_subexpression_extraction": false, "log_common_subexpression_hoisting": false, "log_compilation_mode": false, "log_config": "file,json,all,hyperd,0", "log_connection": false, "log_constraint_check": false, "log_continuations": false, "log_databasedata": false, "log_expression_reuse": false, "log_external_streams": false, "log_external_table_cache": false, "log_file_backup_size_limit": 1048576, "log_file_max_count": 0, "log_file_path": "\"E:\\Vonny\\Documents\\Persecuci-n-Pol-tica-en-Colombia-2017\\Registros\"", "log_file_size_limit": -1, "log_filter_join": false, "log_hashtable_sizes": false, "log_last_parallel": false, "log_memory_tracker": false, "log_memory_tracker_threshold": -1, "log_objectstore": false, "log_optimizersteps": false, "log_pipelines": false, "log_plan_cache": false, "log_queries": true, "log_query_cpu": false, "log_query_graph": false, "log_query_plans": false, "log_resource_usage_interval": 0, "log_sample": false, "log_scheduler": false, "log_scheduler_condvar": false, "log_schema_serialization": false, "log_script_pipelines": false, "log_service_name": "hyperd", "log_spooling_fallback_verbose": false, "log_stack_on_error": false, "log_statement_latches": false, "log_timing": false, "log_translation_mapping_choice": false, "log_troublesome_query_plans": true, "log_unflushedmemory": false, "log_writebuffer": false, "max_query_size": 67108864, "named_pipes_allow_all_users": false, "num_job_worker_threads": "<printing not supported>", "num_task_worker_threads": "<printing not supported>", "optimize_lambda_restriction": true, "srm_detailed_logging": false, "transitive_join_condition_optimization_limit": 7, "two_digit_year_threshold": 70, "use_new_join_estimates": false, "use_spooling_fallback": true},"network-threads":2,"parent-pid":6908,"min-protocol-version":1,"max-protocol-version":1}}
{"ts":"2018-08-31T02:34:14.804","pid":4892,"tid":"197c","sev":"info","req":"-","sess":"-","k":"cpu-info","v":{"physical-cores":2,"logical-cores":4,"cpu-vendor":"GenuineIntel","cpu-stepping":9,"cpu-model":10,"cpu-family":6,"cpu-processor-type":0,"cpu-extended-model":3,"cpu-extended-family":0,"feature-flags":"00000000000000110000011010101001|00000010000100000000100000000000|01111111101110101110001111111111|10111111111010111111101111111111"}}
{"ts":"2018-08-31T02:34:14.804","pid":4892,"tid":"197c","sev":"info","req":"-","sess":"-","k":"compilation-cpu-features","v":{"cpu":"ivybridge","features":["sse2","cx16","-tbm","-avx512ifma","-avx512dq","-fma4","-prfchw","-bmi2","-xsavec","fsgsbase","popcnt","aes","-xsaves","-avx512er","-avx512vpopcntdq","-clwb","-avx512f","-clzero","-pku","mmx","-lwp","-xop","-rdseed","-sse4a","-avx512bw","-clflushopt","xsave","-avx512vl","-avx512cd","avx","-rtm","-fma","-bmi","rdrnd","-mwaitx","sse4.1","sse4.2","-avx2","sse","-lzcnt","pclmul","-prefetchwt1","f16c","ssse3","-sgx","cmov","-avx512vbmi","-movbe","xsaveopt","-sha","-adx","-avx512pf","sse3"]}}
{"ts":"2018-08-31T02:34:14.805","pid":4892,"tid":"197c","sev":"info","req":"-","sess":"-","k":"operating-system-info","v":{"operating-system-name":"Windows","operating-system-version":"10.0.17134.228"}}
{"ts":"2018-08-31T02:34:14.807","pid":4892,"tid":"197c","sev":"info","req":"-","sess":"-","k":"memory-info","v":{"physical-memory-mb":6007.55,"page-alignment-size":65536}}
{"ts":"2018-08-31T02:34:14.807","pid":4892,"tid":"197c","sev":"warning","req":"-","sess":"-","k":"redo-log-not-persisted","v":{"msg":"Redo log is not persisted: database durability will not be guaranteed"}}
{"ts":"2018-08-31T02:34:14.808","pid":4892,"tid":"197c","sev":"info","req":"-","sess":"-","k":"init-maindb-begin","v":{"path":"C:\\Users\\Vonny\\AppData\\Local\\Temp\\TableauTemp\\15nkiom18c4zsc17jdlyc15qf7aw\\hyper_db"}}
{"ts":"2018-08-31T02:34:14.811","pid":4892,"tid":"197c","sev":"info","req":"-","sess":"-","k":"dbregistry-construct","v":{"file-backed":false}}
{"ts":"2018-08-31T02:34:14.811","pid":4892,"tid":"197c","sev":"info","req":"-","sess":"-","k":"dbregistry-release","v":{"path":":main","saved":false,"new-ref-count":1,"elapsed":1.769e-06}}
{"ts":"2018-08-31T02:34:15.047","pid":4892,"tid":"197c","sev":"info","req":"-","sess":"-","k":"global-infrastructure-shutdown","v":{}}
{"ts":"2018-08-31T02:34:15.047","pid":4892,"tid":"197c","sev":"info","req":"-","sess":"-","k":"database-registry-shutdown-begin","v":{}}
{"ts":"2018-08-31T02:34:15.148","pid":4892,"tid":"197c","sev":"info","req":"-","sess":"-","k":"dbregistry-release","v":{"path":"\\\\?\\C:\\Users\\Vonny\\AppData\\Local\\Temp\\TableauTemp\\15nkiom18c4zsc17jdlyc15qf7aw\\hyper_db","saved":true,"elapsed-save":0.100783,"closed":true,"elapsed-registry-close":7.432e-06,"elapsed":0.100794}}
{"ts":"2018-08-31T02:34:15.148","pid":4892,"tid":"197c","sev":"info","req":"-","sess":"-","k":"database-registry-shutdown-end","v":{"elapsed":0.100806}}
{"ts":"2018-08-31T02:34:15.148","pid":4892,"tid":"197c","sev":"info","req":"-","sess":"-","k":"init-maindb-end","v":{"elapsed-create-globals":0.00358364,"db-user":"tableau_internal_user","elapsed-setup-user":2.1235e-05,"elapsed-create-db":0.133325,"elapsed-save":0.102253,"elapsed":0.340598}}
{"ts":"2018-08-31T02:34:15.148","pid":4892,"tid":"197c","sev":"info","req":"-","sess":"-","k":"service-start","v":{"msg":"Running as a service"}}
{"ts":"2018-08-31T02:34:15.159","pid":4892,"tid":"197c","sev":"info","req":"-","sess":"-","k":"dbregistry-load","v":{"path":"\\\\?\\C:\\Users\\Vonny\\AppData\\Local\\Temp\\TableauTemp\\15nkiom18c4zsc17jdlyc15qf7aw\\hyper_db","path-given":"C:\\Users\\Vonny\\AppData\\Local\\Temp\\TableauTemp\\15nkiom18c4zsc17jdlyc15qf7aw\\hyper_db","new-ref-count":1,"elapsed-registry-insert":2.1235e-05,"already-loaded":false,"load-success":true,"elapsed-load":0.00686611,"elapsed":0.00688946}}
{"ts":"2018-08-31T02:34:15.159","pid":4892,"tid":"197c","sev":"info","req":"-","sess":"-","k":"dbregistry-construct","v":{"file-backed":true,"main-db-file":"\\\\?\\C:\\Users\\Vonny\\AppData\\Local\\Temp\\TableauTemp\\15nkiom18c4zsc17jdlyc15qf7aw\\hyper_db"}}
{"ts":"2018-08-31T02:34:15.160","pid":4892,"tid":"197c","sev":"info","req":"-","sess":"-","k":"scheduler-startup","v":{"task-worker-count":3,"job-worker-count":4}}
{"ts":"2018-08-31T02:34:15.207","pid":4892,"tid":"197c","sev":"info","req":"-","sess":"-","k":"listen-named-pipe","v":{"pipe-name":"{541C87A7-9EFB-41BC-9606-FE997B3B87FB}"}}
{"ts":"2018-08-31T02:34:15.207","pid":4892,"tid":"197c","sev":"info","req":"-","sess":"-","k":"server-ready","v":{"elapsed":0.42797}}
{"ts":"2018-08-31T02:34:15.208","pid":4892,"tid":"197c","sev":"info","req":"-","sess":"-","k":"callback-send-begin","v":{"callback-destination":"tab.pipe://./pipe/{C4FDF726-EABA-415F-9D56-B84060A37C20}","callback-reply":"tab.pipe://./pipe/{541C87A7-9EFB-41BC-9606-FE997B3B87FB}"}}
{"ts":"2018-08-31T02:34:15.208","pid":4892,"tid":"197c","sev":"info","req":"-","sess":"-","k":"callback-send-end","v":{"elapsed":0}}
{"ts":"2018-08-31T02:34:15.208","pid":4892,"tid":"2408","sev":"info","req":"-","sess":"-","k":"monitor-endpoint-start","v":{}}
{"ts":"2018-08-31T02:34:15.209","pid":4892,"tid":"1aec","sev":"info","req":"-","sess":"-","k":"named-pipe-client-accept","v":{"pipe-name":"auto","session":2}}
{"ts":"2018-08-31T02:34:15.209","pid":4892,"tid":"1aec","sev":"info","req":"-","sess":"2","k":"create-client-connection","v":{"cancellation_secret":386292494}}
{"ts":"2018-08-31T02:34:15.209","pid":4892,"tid":"1aec","sev":"info","req":"-","sess":"-","k":"windows-timer-resolution","v":{"value":1}}
{"ts":"2018-08-31T02:34:15.246","pid":4892,"tid":"1ae8","sev":"trace","req":"0","sess":"2","k":"request-header-received","v":{"len":246}}
{"ts":"2018-08-31T02:34:15.246","pid":4892,"tid":"1aec","sev":"info","req":"0","sess":"2","k":"connection-startup-begin","v":{"db-user":"tableau_internal_user","options":{"database":"postgres","options":"result_format_code=hyperbinary access_mode=readwrite requestedProtocolVersion=1 DateStyle=MDY extra_float_digits=2 TwoDigitYearThreshold=40 site={14DD5FF1-36F6-49CC-8A28-B619FD295213}"}}}
{"ts":"2018-08-31T02:34:15.246","pid":4892,"tid":"1aec","sev":"info","req":"-","sess":"-","k":"dbregistry-release","v":{"path":"\\\\?\\C:\\Users\\Vonny\\AppData\\Local\\Temp\\TableauTemp\\15nkiom18c4zsc17jdlyc15qf7aw\\hyper_db","saved":false,"new-ref-count":1,"elapsed":2.832e-06}}
{"ts":"2018-08-31T02:34:15.246","pid":4892,"tid":"1aec","sev":"info","req":"-","sess":"2","k":"dbregistry-load","v":{"path":"\\\\?\\C:\\Users\\Vonny\\AppData\\Local\\Temp\\TableauTemp\\15nkiom18c4zsc17jdlyc15qf7aw\\hyper_db","new-ref-count":2,"already-loaded":true,"elapsed":2.124e-06}}
{"ts":"2018-08-31T02:34:15.246","pid":4892,"tid":"1aec","sev":"info","req":"0","sess":"2","k":"connection-startup-end","v":{"elapsed-interpret-options":0.000111126,"elapsed-check-user":2.2296e-05,"have-cred":false,"elapsed-check-authentication":3.185e-06,"elapsed":0.00038611}}
{"ts":"2018-08-31T02:34:54.035","pid":4892,"tid":"1ae8","sev":"trace","req":"1","sess":"2","k":"request-header-received","v":{"len":36,"type":"Q"}}
{"ts":"2018-08-31T02:34:54.035","pid":4892,"tid":"1aec","sev":"info","req":"1","sess":"2","k":"query-begin","v":{"client-session-id":"","spooling":false,"query-settings-active":false,"query":"SELECT datname FROM pg_database"}}
{"ts":"2018-08-31T02:34:54.035","pid":4892,"tid":"23b8","sev":"info","req":"1","sess":"2","k":"query-running","v":{"worker-slot":0}}
{"ts":"2018-08-31T02:34:54.042","pid":4892,"tid":"23b8","sev":"info","req":"-","sess":"-","k":"dbregistry-release","v":{"path":"\\\\?\\C:\\Users\\Vonny\\AppData\\Local\\Temp\\TableauTemp\\15nkiom18c4zsc17jdlyc15qf7aw\\hyper_db","saved":false,"new-ref-count":2,"elapsed":4.955e-06}}
{"ts":"2018-08-31T02:34:54.042","pid":4892,"tid":"23b8","sev":"info","req":"1","sess":"2","k":"query-result-sent","v":{"success":true,"time-since-query-end":3.185e-06,"transferred-volume-mb":0.000608444}}
{"ts":"2018-08-31T02:34:54.042","pid":4892,"tid":"23b8","sev":"info","req":"1","sess":"2","k":"query-end","v":{"client-session-id":"","elapsed":0.00760612,"parsing-time":0.000280293,"compilation-time":0.00633666,"execution-time":0.000351782,"time-to-schedule":0.000116788,"lock-acquisition-time":2.831e-06,"peak-transaction-memory-mb":0,"peak-result-buffer-memory-mb":0.187653,"peak-result-buffer-disk-mb":0,"result-size-mb":0.000608444,"spooling":false,"query-settings-active":false,"plan-cache-status":"cache miss","plan-cache-hit-count":0,"cols":1,"rows":1,"query-trunc":"SELECT datname FROM pg_database"}}
{"ts":"2018-08-31T02:34:54.052","pid":4892,"tid":"1aec","sev":"info","req":"-","sess":"-","k":"named-pipe-client-accept","v":{"pipe-name":"auto","session":3}}
{"ts":"2018-08-31T02:34:54.052","pid":4892,"tid":"1aec","sev":"info","req":"-","sess":"3","k":"create-client-connection","v":{"cancellation_secret":873173608}}
{"ts":"2018-08-31T02:34:54.052","pid":4892,"tid":"1ae8","sev":"trace","req":"0","sess":"3","k":"request-header-received","v":{"len":379}}
{"ts":"2018-08-31T02:34:54.052","pid":4892,"tid":"1aec","sev":"info","req":"0","sess":"3","k":"connection-startup-begin","v":{"db-user":"tableau_internal_user","options":{"database":"E:/Vonny/Documents/Mi Repositorio de Tableau/Fuentes de datos/Colombia 2017 (Persecución Política en 2017).hyper","options":"language=es_ES result_format_code=hyperbinary access_mode=readonly requestedProtocolVersion=1 lc_all=es_ES DateStyle=DMY extra_float_digits=2 TwoDigitYearThreshold=40 site={14DD5FF1-36F6-49CC-8A28-B619FD295213}"}}}
{"ts":"2018-08-31T02:34:54.052","pid":4892,"tid":"1aec","sev":"info","req":"-","sess":"-","k":"dbregistry-release","v":{"path":"\\\\?\\C:\\Users\\Vonny\\AppData\\Local\\Temp\\TableauTemp\\15nkiom18c4zsc17jdlyc15qf7aw\\hyper_db","saved":false,"new-ref-count":2,"elapsed":4.601e-06}}
{"ts":"2018-08-31T02:34:54.085","pid":4892,"tid":"1aec","sev":"info","req":"-","sess":"3","k":"dbregistry-load","v":{"path":"\\\\?\\E:\\Vonny\\Documents\\Mi Repositorio de Tableau\\Fuentes de datos\\Colombia 2017 (Persecución Política en 2017).hyper","path-given":"E:/Vonny/Documents/Mi Repositorio de Tableau/Fuentes de datos/Colombia 2017 (Persecución Política en 2017).hyper","new-ref-count":1,"elapsed-registry-insert":1.3802e-05,"already-loaded":false,"load-success":true,"elapsed-load":0.0322942,"elapsed":0.0323122}}
{"ts":"2018-08-31T02:34:54.105","pid":4892,"tid":"1aec","sev":"info","req":"0","sess":"3","k":"connection-startup-end","v":{"elapsed-interpret-options":0.00011785,"elapsed-check-user":2.0527e-05,"have-cred":false,"elapsed-check-authentication":2.477e-06,"elapsed":0.0526309}}
{"ts":"2018-08-31T02:34:57.389","pid":4892,"tid":"1ae8","sev":"info","req":"-","sess":"-","k":"named-pipe-client-accept","v":{"pipe-name":"auto","session":5}}
{"ts":"2018-08-31T02:34:57.389","pid":4892,"tid":"1ae8","sev":"info","req":"-","sess":"5","k":"create-client-connection","v":{"cancellation_secret":2490575392}}
{"ts":"2018-08-31T02:34:57.389","pid":4892,"tid":"1aec","sev":"trace","req":"0","sess":"5","k":"request-header-received","v":{"len":261}}
{"ts":"2018-08-31T02:34:57.389","pid":4892,"tid":"1ae8","sev":"info","req":"0","sess":"5","k":"connection-startup-begin","v":{"db-user":"tableau_internal_user","options":{"database":"postgres","options":"language=es_ES result_format_code=hyperbinary access_mode=readwrite requestedProtocolVersion=1 DateStyle=MDY extra_float_digits=2 TwoDigitYearThreshold=40 site={14DD5FF1-36F6-49CC-8A28-B619FD295213}"}}}
{"ts":"2018-08-31T02:34:57.389","pid":4892,"tid":"1ae8","sev":"info","req":"-","sess":"-","k":"dbregistry-release","v":{"path":"\\\\?\\C:\\Users\\Vonny\\AppData\\Local\\Temp\\TableauTemp\\15nkiom18c4zsc17jdlyc15qf7aw\\hyper_db","saved":false,"new-ref-count":2,"elapsed":4.601e-06}}
{"ts":"2018-08-31T02:34:57.389","pid":4892,"tid":"1ae8","sev":"info","req":"-","sess":"5","k":"dbregistry-load","v":{"path":"\\\\?\\C:\\Users\\Vonny\\AppData\\Local\\Temp\\TableauTemp\\15nkiom18c4zsc17jdlyc15qf7aw\\hyper_db","new-ref-count":3,"already-loaded":true,"elapsed":3.539e-06}}
{"ts":"2018-08-31T02:34:57.389","pid":4892,"tid":"1ae8","sev":"info","req":"0","sess":"5","k":"connection-startup-end","v":{"elapsed-interpret-options":0.000108649,"elapsed-check-user":2.265e-05,"have-cred":false,"elapsed-check-authentication":2.477e-06,"elapsed":0.000370892}}
{"ts":"2018-08-31T02:34:57.391","pid":4892,"tid":"1ae8","sev":"trace","req":"1","sess":"5","k":"request-header-received","v":{"len":116,"type":"Q"}}
{"ts":"2018-08-31T02:34:57.391","pid":4892,"tid":"1aec","sev":"info","req":"1","sess":"5","k":"query-begin","v":{"client-session-id":"","spooling":false,"query-settings-active":false,"query":"CREATE DATABASE \"C:\\Users\\Vonny\\AppData\\Local\\Temp\\TableauTemp\\#TableauTemp_13i0m3o10g4g5j15tgai81pxhey6.hyper\""}}
{"ts":"2018-08-31T02:34:57.391","pid":4892,"tid":"150","sev":"info","req":"1","sess":"5","k":"query-running","v":{"worker-slot":1}}
{"ts":"2018-08-31T02:34:57.505","pid":4892,"tid":"150","sev":"info","req":"1","sess":"5","k":"dbregistry-release","v":{"path":"\\\\?\\C:\\Users\\Vonny\\AppData\\Local\\Temp\\TableauTemp\\#TableauTemp_13i0m3o10g4g5j15tgai81pxhey6.hyper","saved":true,"elapsed-save":0.0435699,"closed":true,"elapsed-registry-close":6.724e-06,"elapsed":0.0435816}}
{"ts":"2018-08-31T02:34:57.505","pid":4892,"tid":"150","sev":"info","req":"1","sess":"5","k":"dbregistry-create","v":{"path":"\\\\?\\C:\\Users\\Vonny\\AppData\\Local\\Temp\\TableauTemp\\#TableauTemp_13i0m3o10g4g5j15tgai81pxhey6.hyper","ref-count":1,"elapsed-registry-insert":0.00100934,"elapsed-init-db-object":0.000783545,"elapsed-create-database":0.0683574,"elapsed-registry-release":0.043605,"elapsed":0.113757}}
{"ts":"2018-08-31T02:34:57.505","pid":4892,"tid":"150","sev":"info","req":"1","sess":"5","k":"query-result-sent","v":{"success":true,"time-since-query-end":2.477e-06,"transferred-volume-mb":0.000483513}}
{"ts":"2018-08-31T02:34:57.505","pid":4892,"tid":"150","sev":"info","req":"1","sess":"5","k":"query-end","v":{"client-session-id":"","elapsed":0.11404,"parsing-time":5.7332e-05,"compilation-time":2.7604e-05,"execution-time":0.113798,"time-to-schedule":6.7242e-05,"lock-acquisition-time":2.3712e-05,"peak-transaction-memory-mb":0,"peak-result-buffer-memory-mb":0.062561,"peak-result-buffer-disk-mb":0,"result-size-mb":0.000483513,"spooling":false,"query-settings-active":false,"plan-cache-status":"not run yet","plan-cache-hit-count":0,"cols":0,"rows":0,"query-trunc":"CREATE DATABASE \"C:\\Users\\Vonny\\AppData\\Local\\Temp\\TableauTemp\\#TableauTemp_13i0m3o10g4g5j15tgai81pxhey6.hyper\""}}
{"ts":"2018-08-31T02:34:57.505","pid":4892,"tid":"1aec","sev":"trace","req":"2","sess":"5","k":"request-header-received","v":{"len":4,"type":"X"}}
{"ts":"2018-08-31T02:34:57.505","pid":4892,"tid":"1aec","sev":"info","req":"2","sess":"5","k":"connection-close-request","v":{"reason":"client terminated"}}
{"ts":"2018-08-31T02:34:57.506","pid":4892,"tid":"1aec","sev":"info","req":"2","sess":"5","k":"connection-closed","v":{}}
{"ts":"2018-08-31T02:34:57.506","pid":4892,"tid":"1ae8","sev":"info","req":"-","sess":"-","k":"named-pipe-client-accept","v":{"pipe-name":"auto","session":7}}
{"ts":"2018-08-31T02:34:57.506","pid":4892,"tid":"1aec","sev":"info","req":"-","sess":"5","k":"dbregistry-release","v":{"path":"\\\\?\\C:\\Users\\Vonny\\AppData\\Local\\Temp\\TableauTemp\\15nkiom18c4zsc17jdlyc15qf7aw\\hyper_db","saved":false,"new-ref-count":2,"elapsed":3.185e-06}}
{"ts":"2018-08-31T02:34:57.506","pid":4892,"tid":"1ae8","sev":"info","req":"-","sess":"7","k":"create-client-connection","v":{"cancellation_secret":2537442274}}
{"ts":"2018-08-31T02:34:57.506","pid":4892,"tid":"1aec","sev":"trace","req":"0","sess":"7","k":"request-header-received","v":{"len":16}}
{"ts":"2018-08-31T02:34:57.506","pid":4892,"tid":"1ae8","sev":"info","req":"0","sess":"7","k":"cancel-request-received","v":{"id":4892,"secret":2490575392}}
{"ts":"2018-08-31T02:34:57.506","pid":4892,"tid":"1aec","sev":"info","req":"0","sess":"7","k":"cancel-request-end","v":{"found-connection":false}}
{"ts":"2018-08-31T02:34:57.506","pid":4892,"tid":"1ae8","sev":"info","req":"0","sess":"7","k":"connection-closed","v":{}}
{"ts":"2018-08-31T02:34:57.506","pid":4892,"tid":"1ae8","sev":"info","req":"-","sess":"-","k":"named-pipe-client-accept","v":{"pipe-name":"auto","session":8}}
{"ts":"2018-08-31T02:34:57.507","pid":4892,"tid":"1ae8","sev":"info","req":"-","sess":"8","k":"create-client-connection","v":{"cancellation_secret":4191135852}}
{"ts":"2018-08-31T02:34:57.507","pid":4892,"tid":"1aec","sev":"trace","req":"0","sess":"8","k":"request-header-received","v":{"len":346}}
{"ts":"2018-08-31T02:34:57.507","pid":4892,"tid":"1ae8","sev":"info","req":"0","sess":"8","k":"connection-startup-begin","v":{"db-user":"tableau_internal_user","options":{"database":"C:\\Users\\Vonny\\AppData\\Local\\Temp\\TableauTemp\\#TableauTemp_13i0m3o10g4g5j15tgai81pxhey6.hyper","options":"language=es_ES result_format_code=hyperbinary access_mode=readwrite requestedProtocolVersion=1 DateStyle=MDY extra_float_digits=2 TwoDigitYearThreshold=40 site={14DD5FF1-36F6-49CC-8A28-B619FD295213}"}}}
{"ts":"2018-08-31T02:34:57.507","pid":4892,"tid":"1ae8","sev":"info","req":"-","sess":"-","k":"dbregistry-release","v":{"path":"\\\\?\\C:\\Users\\Vonny\\AppData\\Local\\Temp\\TableauTemp\\15nkiom18c4zsc17jdlyc15qf7aw\\hyper_db","saved":false,"new-ref-count":2,"elapsed":1.769e-06}}
{"ts":"2018-08-31T02:34:57.513","pid":4892,"tid":"1ae8","sev":"info","req":"-","sess":"8","k":"dbregistry-load","v":{"path":"\\\\?\\C:\\Users\\Vonny\\AppData\\Local\\Temp\\TableauTemp\\#TableauTemp_13i0m3o10g4g5j15tgai81pxhey6.hyper","path-given":"C:\\Users\\Vonny\\AppData\\Local\\Temp\\TableauTemp\\#TableauTemp_13i0m3o10g4g5j15tgai81pxhey6.hyper","new-ref-count":1,"elapsed-registry-insert":6.016e-06,"already-loaded":false,"load-success":true,"elapsed-load":0.00591056,"elapsed":0.00591906}}
{"ts":"2018-08-31T02:34:57.513","pid":4892,"tid":"1ae8","sev":"info","req":"0","sess":"8","k":"connection-startup-end","v":{"elapsed-interpret-options":4.2823e-05,"elapsed-check-user":1.0263e-05,"have-cred":false,"elapsed-check-authentication":1.062e-06,"elapsed":0.00657732}}
{"ts":"2018-08-31T02:34:57.515","pid":4892,"tid":"1ae8","sev":"trace","req":"1","sess":"8","k":"request-header-received","v":{"len":123,"type":"Q"}}
{"ts":"2018-08-31T02:34:57.515","pid":4892,"tid":"1aec","sev":"info","req":"1","sess":"8","k":"query-begin","v":{"client-session-id":"","spooling":false,"query-settings-active":false,"query":"SELECT n.nspname, n.oid FROM pg_catalog.pg_namespace n WHERE n.nspname !~ '^pg_' AND n.nspname <> 'information_schema'"}}
{"ts":"2018-08-31T02:34:57.515","pid":4892,"tid":"b30","sev":"info","req":"1","sess":"8","k":"query-running","v":{"worker-slot":2}}
{"ts":"2018-08-31T02:34:57.518","pid":4892,"tid":"b30","sev":"info","req":"1","sess":"8","k":"query-end","v":{"client-session-id":"","elapsed":0.00279125,"parsing-time":7.5382e-05,"compilation-time":0.00221332,"execution-time":0.000286309,"time-to-schedule":5.8394e-05,"lock-acquisition-time":3.185e-06,"peak-transaction-memory-mb":0,"peak-result-buffer-memory-mb":0.187653,"peak-result-buffer-disk-mb":0,"result-size-mb":0.000584602,"spooling":false,"query-settings-active":false,"plan-cache-status":"cache miss","plan-cache-hit-count":0,"cols":2,"rows":2,"query-trunc":"SELECT n.nspname, n.oid FROM pg_catalog.pg_namespace n WHERE n.nspname !~ '^pg_' AND n.nspname <> 'information_schema'"}}
{"ts":"2018-08-31T02:34:57.518","pid":4892,"tid":"1ae8","sev":"info","req":"1","sess":"8","k":"query-result-sent","v":{"success":true,"time-since-query-end":7.4673e-05,"transferred-volume-mb":0.000584602}}
{"ts":"2018-08-31T02:34:57.520","pid":4892,"tid":"1ae8","sev":"trace","req":"2","sess":"8","k":"request-header-received","v":{"len":32,"type":"Q"}}
{"ts":"2018-08-31T02:34:57.520","pid":4892,"tid":"1aec","sev":"info","req":"2","sess":"8","k":"query-begin","v":{"client-session-id":"","spooling":false,"query-settings-active":false,"query":"CREATE SCHEMA \"TableauTemp\""}}
{"ts":"2018-08-31T02:34:57.520","pid":4892,"tid":"e10","sev":"info","req":"2","sess":"8","k":"query-running","v":{"worker-slot":3}}
{"ts":"2018-08-31T02:34:57.520","pid":4892,"tid":"e10","sev":"info","req":"2","sess":"8","k":"query-result-sent","v":{"success":true,"time-since-query-end":2.124e-06,"transferred-volume-mb":1.90735e-05}}
{"ts":"2018-08-31T02:34:57.520","pid":4892,"tid":"e10","sev":"info","req":"2","sess":"8","k":"query-end","v":{"client-session-id":"","elapsed":0.000183322,"parsing-time":2.1235e-05,"compilation-time":1.6988e-05,"execution-time":6.4765e-05,"time-to-schedule":1.7696e-05,"lock-acquisition-time":1.77e-06,"peak-transaction-memory-mb":0,"peak-result-buffer-memory-mb":0.125122,"peak-result-buffer-disk-mb":0,"result-size-mb":1.90735e-05,"spooling":false,"query-settings-active":false,"plan-cache-status":"not run yet","plan-cache-hit-count":0,"cols":0,"rows":0,"query-trunc":"CREATE SCHEMA \"TableauTemp\""}}
{"ts":"2018-08-31T02:34:57.522","pid":4892,"tid":"1ae8","sev":"trace","req":"3","sess":"8","k":"request-header-received","v":{"len":22,"type":"Q"}}
{"ts":"2018-08-31T02:34:57.522","pid":4892,"tid":"1aec","sev":"info","req":"3","sess":"8","k":"query-begin","v":{"client-session-id":"","spooling":false,"query-settings-active":false,"query":"show \"lc_collate\""}}
{"ts":"2018-08-31T02:34:57.522","pid":4892,"tid":"23b8","sev":"info","req":"3","sess":"8","k":"query-running","v":{"worker-slot":0}}
{"ts":"2018-08-31T02:34:57.522","pid":4892,"tid":"23b8","sev":"info","req":"3","sess":"8","k":"query-end","v":{"client-session-id":"","elapsed":0.000276399,"parsing-time":3.4682e-05,"compilation-time":0.000114311,"execution-time":4.7777e-05,"time-to-schedule":2.1588e-05,"lock-acquisition-time":1.062e-06,"peak-transaction-memory-mb":0,"peak-result-buffer-memory-mb":0.125122,"peak-result-buffer-disk-mb":0,"result-size-mb":6.96182e-05,"spooling":false,"query-settings-active":false,"plan-cache-status":"cache miss","plan-cache-hit-count":0,"cols":1,"rows":1,"query-trunc":"show \"lc_collate\""}}
{"ts":"2018-08-31T02:34:57.522","pid":4892,"tid":"1ae8","sev":"info","req":"3","sess":"8","k":"query-result-sent","v":{"success":true,"time-since-query-end":0.000112542,"transferred-volume-mb":6.96182e-05}}
{"ts":"2018-08-31T02:34:57.525","pid":4892,"tid":"1ae8","sev":"trace","req":"4","sess":"8","k":"request-header-received","v":{"len":138,"type":"Q"}}
{"ts":"2018-08-31T02:34:57.526","pid":4892,"tid":"1aec","sev":"info","req":"4","sess":"8","k":"query-begin","v":{"client-session-id":"","spooling":false,"query-settings-active":false,"query":"SELECT *\nINTO TEMPORARY TABLE \"#Tableau_5_BB0E20B4-3BA8-4573-A724-4701B92B755E_1_Connect\"\nFROM (SELECT 1 AS COL) AS CHECKTEMP\nLIMIT 1"}}
{"ts":"2018-08-31T02:34:57.526","pid":4892,"tid":"150","sev":"info","req":"4","sess":"8","k":"query-running","v":{"worker-slot":1}}
{"ts":"2018-08-31T02:34:57.541","pid":4892,"tid":"150","sev":"info","req":"4","sess":"8","k":"subquery","v":{"id":8,"subid":10}}
{"ts":"2018-08-31T02:34:57.541","pid":4892,"tid":"150","sev":"info","req":"4","sess":"8","k":"query-result-sent","v":{"success":true,"time-since-query-end":2.477e-06,"transferred-volume-mb":1.52588e-05}}
{"ts":"2018-08-31T02:34:57.541","pid":4892,"tid":"150","sev":"info","req":"4","sess":"8","k":"query-end","v":{"client-session-id":"","elapsed":0.0155485,"parsing-time":4.7424e-05,"compilation-time":0.000145809,"execution-time":0.0151638,"time-to-schedule":1.5572e-05,"lock-acquisition-time":3.54e-07,"peak-transaction-memory-mb":0.0312805,"peak-result-buffer-memory-mb":0.156403,"peak-result-buffer-disk-mb":0,"result-size-mb":1.52588e-05,"spooling":false,"query-settings-active":false,"plan-cache-status":"not run yet","plan-cache-hit-count":0,"cols":0,"rows":0,"query-trunc":"SELECT *\nINTO TEMPORARY TABLE \"#Tableau_5_BB0E20B4-3BA8-4573-A724-4701B92B755E_1_Connect\"\nFROM (SELECT 1 AS COL) AS CHECKTEMP\nLIMIT 1"}}
{"ts":"2018-08-31T02:34:57.542","pid":4892,"tid":"1ae8","sev":"trace","req":"5","sess":"8","k":"request-header-received","v":{"len":75,"type":"Q"}}
{"ts":"2018-08-31T02:34:57.542","pid":4892,"tid":"1aec","sev":"info","req":"5","sess":"8","k":"query-begin","v":{"client-session-id":"","spooling":false,"query-settings-active":false,"query":"DROP TABLE \"#Tableau_5_BB0E20B4-3BA8-4573-A724-4701B92B755E_1_Connect\""}}
{"ts":"2018-08-31T02:34:57.542","pid":4892,"tid":"b30","sev":"info","req":"5","sess":"8","k":"query-running","v":{"worker-slot":2}}
{"ts":"2018-08-31T02:34:57.543","pid":4892,"tid":"b30","sev":"info","req":"5","sess":"8","k":"query-result-sent","v":{"success":true,"time-since-query-end":2.123e-06,"transferred-volume-mb":1.90735e-05}}
{"ts":"2018-08-31T02:34:57.543","pid":4892,"tid":"b30","sev":"info","req":"5","sess":"8","k":"query-end","v":{"client-session-id":"","elapsed":0.000676312,"parsing-time":9.91e-06,"compilation-time":5.5564e-05,"execution-time":0.000561647,"time-to-schedule":1.5572e-05,"lock-acquisition-time":7.08e-07,"peak-transaction-memory-mb":0,"peak-result-buffer-memory-mb":0.0938416,"peak-result-buffer-disk-mb":0,"result-size-mb":1.90735e-05,"spooling":false,"query-settings-active":false,"plan-cache-status":"not run yet","plan-cache-hit-count":0,"cols":0,"rows":0,"query-trunc":"DROP TABLE \"#Tableau_5_BB0E20B4-3BA8-4573-A724-4701B92B755E_1_Connect\""}}
{"ts":"2018-08-31T02:34:57.546","pid":4892,"tid":"1ae8","sev":"trace","req":"6","sess":"8","k":"request-header-received","v":{"len":136,"type":"Q"}}
{"ts":"2018-08-31T02:34:57.546","pid":4892,"tid":"1aec","sev":"info","req":"6","sess":"8","k":"query-begin","v":{"client-session-id":"","spooling":false,"query-settings-active":false,"query":"CREATE LOCAL TEMPORARY TABLE \"#Tableau_5_BB0E20B4-3BA8-4573-A724-4701B92B755E_2_Connect\" (\n\t\"COL\" BIGINT\n\t) ON COMMIT PRESERVE ROWS"}}
{"ts":"2018-08-31T02:34:57.546","pid":4892,"tid":"e10","sev":"info","req":"6","sess":"8","k":"query-running","v":{"worker-slot":3}}
{"ts":"2018-08-31T02:34:57.559","pid":4892,"tid":"e10","sev":"info","req":"6","sess":"8","k":"query-result-sent","v":{"success":true,"time-since-query-end":2.123e-06,"transferred-volume-mb":2.09808e-05}}
{"ts":"2018-08-31T02:34:57.559","pid":4892,"tid":"e10","sev":"info","req":"6","sess":"8","k":"query-end","v":{"client-session-id":"","elapsed":0.0130014,"parsing-time":6.0164e-05,"compilation-time":2.4066e-05,"execution-time":0.0128659,"time-to-schedule":1.5926e-05,"lock-acquisition-time":7.08e-07,"peak-transaction-memory-mb":0,"peak-result-buffer-memory-mb":0.0938416,"peak-result-buffer-disk-mb":0,"result-size-mb":2.09808e-05,"spooling":false,"query-settings-active":false,"plan-cache-status":"not run yet","plan-cache-hit-count":0,"cols":0,"rows":0,"query-trunc":"CREATE LOCAL TEMPORARY TABLE \"#Tableau_5_BB0E20B4-3BA8-4573-A724-4701B92B755E_2_Connect\" (\n\t\"COL\" BIGINT\n\t) ON COMMIT PRESERVE ROWS"}}
{"ts":"2018-08-31T02:34:57.560","pid":4892,"tid":"1ae8","sev":"trace","req":"7","sess":"8","k":"request-header-received","v":{"len":288,"type":"Q"}}
{"ts":"2018-08-31T02:34:57.560","pid":4892,"tid":"1aec","sev":"info","req":"7","sess":"8","k":"query-begin","v":{"client-session-id":"","spooling":false,"query-settings-active":false,"query":"SELECT a.attname, a.atttypid, a.atttypmod, a.attnotnull, a.attnum FROM pg_catalog.pg_attribute a JOIN pg_catalog.pg_class cl on a.attrelid = cl.oid WHERE a.attnum > 0 AND NOT a.attisdropped and cl.relname = '#Tableau_5_BB0E20B4-3BA8-4573-A724-4701B92B755E_2_Connect'ORDER BY a.attnum"}}
{"ts":"2018-08-31T02:34:57.560","pid":4892,"tid":"23b8","sev":"info","req":"7","sess":"8","k":"query-running","v":{"worker-slot":0}}
{"ts":"2018-08-31T02:34:57.564","pid":4892,"tid":"23b8","sev":"info","req":"7","sess":"8","k":"query-result-sent","v":{"success":true,"time-since-query-end":1.415e-06,"transferred-volume-mb":0.000197411}}
{"ts":"2018-08-31T02:34:57.564","pid":4892,"tid":"23b8","sev":"info","req":"7","sess":"8","k":"query-end","v":{"client-session-id":"","elapsed":0.00394887,"parsing-time":5.6625e-05,"compilation-time":0.00290945,"execution-time":0.000795224,"time-to-schedule":1.5925e-05,"lock-acquisition-time":1.062e-06,"peak-transaction-memory-mb":0.14241,"peak-result-buffer-memory-mb":0.187653,"peak-result-buffer-disk-mb":0,"result-size-mb":0.000197411,"spooling":false,"query-settings-active":false,"plan-cache-status":"cache miss","plan-cache-hit-count":0,"cols":5,"rows":1,"query-trunc":"SELECT a.attname, a.atttypid, a.atttypmod, a.attnotnull, a.attnum FROM pg_catalog.pg_attribute a JOIN pg_catalog.pg_class cl on a.attrelid = cl.oid WHERE a.attnum > 0 AND NOT a.attisdropped and cl.relname = '#Tableau_5_BB0E20B4-3BA8-4573-A724-4701B92B755E_2_Connect'ORDER BY a.attnum"}}
{"ts":"2018-08-31T02:34:57.565","pid":4892,"tid":"1aec","sev":"trace","req":"8","sess":"8","k":"request-header-received","v":{"len":127,"type":"Q"}}
{"ts":"2018-08-31T02:34:57.565","pid":4892,"tid":"1ae8","sev":"info","req":"8","sess":"8","k":"query-begin","v":{"client-session-id":"","spooling":false,"query-settings-active":false,"query":"SELECT 1 from pg_class r where r.relname = '#Tableau_5_BB0E20B4-3BA8-4573-A724-4701B92B755E_2_Connect' and r.relkind = 'x'"}}
{"ts":"2018-08-31T02:34:57.565","pid":4892,"tid":"150","sev":"info","req":"8","sess":"8","k":"query-running","v":{"worker-slot":1}}
{"ts":"2018-08-31T02:34:57.566","pid":4892,"tid":"150","sev":"info","req":"8","sess":"8","k":"query-result-sent","v":{"success":true,"time-since-query-end":1.769e-06,"transferred-volume-mb":1.90735e-05}}
{"ts":"2018-08-31T02:34:57.566","pid":4892,"tid":"150","sev":"info","req":"8","sess":"8","k":"query-end","v":{"client-session-id":"","elapsed":0.00168565,"parsing-time":3.2559e-05,"compilation-time":0.00133422,"execution-time":0.000184385,"time-to-schedule":2.902e-05,"lock-acquisition-time":1.416e-06,"peak-transaction-memory-mb":0,"peak-result-buffer-memory-mb":0.0938416,"peak-result-buffer-disk-mb":0,"result-size-mb":1.90735e-05,"spooling":false,"query-settings-active":false,"plan-cache-status":"cache miss","plan-cache-hit-count":0,"cols":1,"rows":0,"query-trunc":"SELECT 1 from pg_class r where r.relname = '#Tableau_5_BB0E20B4-3BA8-4573-A724-4701B92B755E_2_Connect' and r.relkind = 'x'"}}
{"ts":"2018-08-31T02:34:57.569","pid":4892,"tid":"1aec","sev":"trace","req":"9","sess":"8","k":"request-header-received","v":{"len":149,"type":"Q"}}
{"ts":"2018-08-31T02:34:57.569","pid":4892,"tid":"1ae8","sev":"info","req":"9","sess":"8","k":"query-begin","v":{"client-session-id":"","spooling":false,"query-settings-active":false,"query":"SELECT 1 from pg_class r where r.relname = '__Insert_Stream__#Tableau_5_BB0E20B4-3BA8-4573-A724-4701B92B755E_2_Connect__0__' and r.relkind = 'x'"}}
{"ts":"2018-08-31T02:34:57.569","pid":4892,"tid":"b30","sev":"info","req":"9","sess":"8","k":"query-running","v":{"worker-slot":2}}
{"ts":"2018-08-31T02:34:57.570","pid":4892,"tid":"b30","sev":"info","req":"9","sess":"8","k":"query-result-sent","v":{"success":true,"time-since-query-end":2.124e-06,"transferred-volume-mb":4.48227e-05}}
{"ts":"2018-08-31T02:34:57.570","pid":4892,"tid":"b30","sev":"info","req":"9","sess":"8","k":"query-end","v":{"client-session-id":"","elapsed":0.00176528,"parsing-time":3.0789e-05,"compilation-time":0.00142694,"execution-time":0.000196417,"time-to-schedule":1.5572e-05,"lock-acquisition-time":3.184e-06,"peak-transaction-memory-mb":0,"peak-result-buffer-memory-mb":0.0938416,"peak-result-buffer-disk-mb":0,"result-size-mb":4.48227e-05,"spooling":false,"query-settings-active":false,"plan-cache-status":"cache miss","plan-cache-hit-count":0,"cols":1,"rows":0,"query-trunc":"SELECT 1 from pg_class r where r.relname = '__Insert_Stream__#Tableau_5_BB0E20B4-3BA8-4573-A724-4701B92B755E_2_Connect__0__' and r.relkind = 'x'"}}
{"ts":"2018-08-31T02:34:57.572","pid":4892,"tid":"1aec","sev":"trace","req":"10","sess":"8","k":"request-header-received","v":{"len":124,"type":"Q"}}
{"ts":"2018-08-31T02:34:57.572","pid":4892,"tid":"1ae8","sev":"info","req":"10","sess":"8","k":"query-begin","v":{"client-session-id":"","spooling":false,"query-settings-active":false,"query":"COPY \"#Tableau_5_BB0E20B4-3BA8-4573-A724-4701B92B755E_2_Connect\" (\"COL\") FROM STDIN WITH (FORMAT HYPERBINARY, SANITIZE)"}}
{"ts":"2018-08-31T02:34:57.573","pid":4892,"tid":"1ae8","sev":"trace","req":"10","sess":"8","k":"request-header-received","v":{"len":32,"type":"d"}}
{"ts":"2018-08-31T02:34:57.573","pid":4892,"tid":"1ae8","sev":"trace","req":"10","sess":"8","k":"request-header-received","v":{"len":4,"type":"c"}}
{"ts":"2018-08-31T02:34:57.594","pid":4892,"tid":"e10","sev":"info","req":"10","sess":"8","k":"query-result-sent","v":{"success":true,"time-since-query-end":2.477e-06,"transferred-volume-mb":5.24521e-05}}
{"ts":"2018-08-31T02:34:57.594","pid":4892,"tid":"e10","sev":"info","req":"10","sess":"8","k":"query-end","v":{"client-session-id":"","elapsed":0.0218865,"parsing-time":2.7605e-05,"compilation-time":0.0194867,"copydata-time":0.00153205,"execution-time":0.000534042,"lock-acquisition-time":1.061e-06,"peak-transaction-memory-mb":0.156342,"peak-result-buffer-memory-mb":0.0938416,"peak-result-buffer-disk-mb":0,"result-size-mb":5.24521e-05,"spooling":false,"query-settings-active":false,"rows":1,"copydata-size":28,"query-trunc":"COPY \"#Tableau_5_BB0E20B4-3BA8-4573-A724-4701B92B755E_2_Connect\" (\"COL\") FROM STDIN WITH (FORMAT HYPERBINARY, SANITIZE)"}}
{"ts":"2018-08-31T02:34:57.597","pid":4892,"tid":"1ae8","sev":"trace","req":"11","sess":"8","k":"request-header-received","v":{"len":157,"type":"Q"}}
{"ts":"2018-08-31T02:34:57.597","pid":4892,"tid":"1aec","sev":"info","req":"11","sess":"8","k":"query-begin","v":{"client-session-id":"","spooling":false,"query-settings-active":false,"query":"CREATE INDEX \"_tidx_#Tableau_5_BB0E20B4-3BA8-4573-A724-4701B92B755E_2_Connect_1a\" ON \"#Tableau_5_BB0E20B4-3BA8-4573-A724-4701B92B755E_2_Connect\" (\"COL\")"}}
{"ts":"2018-08-31T02:34:57.597","pid":4892,"tid":"150","sev":"info","req":"11","sess":"8","k":"query-running","v":{"worker-slot":1}}
{"ts":"2018-08-31T02:34:57.622","pid":4892,"tid":"150","sev":"info","req":"11","sess":"8","k":"query-result-sent","v":{"success":true,"time-since-query-end":2.477e-06,"transferred-volume-mb":1.71661e-05}}
{"ts":"2018-08-31T02:34:57.622","pid":4892,"tid":"150","sev":"info","req":"11","sess":"8","k":"query-end","v":{"client-session-id":"","elapsed":0.0253598,"parsing-time":2.6189e-05,"compilation-time":2.1235e-05,"execution-time":0.0252557,"time-to-schedule":1.6634e-05,"lock-acquisition-time":7.08e-07,"peak-transaction-memory-mb":0,"peak-result-buffer-memory-mb":0.0938416,"peak-result-buffer-disk-mb":0,"result-size-mb":1.71661e-05,"spooling":false,"query-settings-active":false,"plan-cache-status":"not run yet","plan-cache-hit-count":0,"cols":0,"rows":0,"query-trunc":"CREATE INDEX \"_tidx_#Tableau_5_BB0E20B4-3BA8-4573-A724-4701B92B755E_2_Connect_1a\" ON \"#Tableau_5_BB0E20B4-3BA8-4573-A724-4701B92B755E_2_Connect\" (\"COL\")"}}
{"ts":"2018-08-31T02:34:57.625","pid":4892,"tid":"1ae8","sev":"trace","req":"12","sess":"8","k":"request-header-received","v":{"len":75,"type":"Q"}}
{"ts":"2018-08-31T02:34:57.625","pid":4892,"tid":"1aec","sev":"info","req":"12","sess":"8","k":"query-begin","v":{"client-session-id":"","spooling":false,"query-settings-active":false,"query":"DROP TABLE \"#Tableau_5_BB0E20B4-3BA8-4573-A724-4701B92B755E_2_Connect\""}}
{"ts":"2018-08-31T02:34:57.625","pid":4892,"tid":"b30","sev":"info","req":"12","sess":"8","k":"query-running","v":{"worker-slot":2}}
{"ts":"2018-08-31T02:34:57.626","pid":4892,"tid":"b30","sev":"info","req":"12","sess":"8","k":"query-result-sent","v":{"success":true,"time-since-query-end":2.832e-06,"transferred-volume-mb":2.28882e-05}}
{"ts":"2018-08-31T02:34:57.626","pid":4892,"tid":"b30","sev":"info","req":"12","sess":"8","k":"query-end","v":{"client-session-id":"","elapsed":0.000542182,"parsing-time":1.0263e-05,"compilation-time":1.628e-05,"execution-time":0.000462199,"time-to-schedule":1.7695e-05,"lock-acquisition-time":1.416e-06,"peak-transaction-memory-mb":0,"peak-result-buffer-memory-mb":0.0938416,"peak-result-buffer-disk-mb":0,"result-size-mb":2.28882e-05,"spooling":false,"query-settings-active":false,"plan-cache-status":"not run yet","plan-cache-hit-count":0,"cols":0,"rows":0,"query-trunc":"DROP TABLE \"#Tableau_5_BB0E20B4-3BA8-4573-A724-4701B92B755E_2_Connect\""}}
{"ts":"2018-08-31T02:34:58.457","pid":4892,"tid":"1ae8","sev":"trace","req":"1","sess":"3","k":"request-header-received","v":{"len":862,"type":"Q"}}
{"ts":"2018-08-31T02:34:58.457","pid":4892,"tid":"1aec","sev":"info","req":"1","sess":"3","k":"query-begin","v":{"client-session-id":"","spooling":false,"query-settings-active":false,"query":"SELECT \"Extract\".\"Amenaza Paramilitar\" AS \"Amenaza Paramilitar\",\n  \"Extract\".\"Amenaza de Estado\" AS \"Amenaza de Estado\",\n  \"Extract\".\"Departamento\" AS \"Departamento\",\n  \"Extract\".\"Día\" AS \"Día\",\n  \"Extract\".\"Fecha\" AS \"Fecha\",\n  \"Extract\".\"Mes\" AS \"Mes\",\n  \"Extract\".\"Municipio\" AS \"Municipio\",\n  1 AS \"Number of Records\",\n  \"Extract\".\"Pr. Resp. 1: PARAMILITARES\" AS \"Pr. Resp. 1: PARAMILITARES\",\n  \"Extract\".\"Pr. Resp. 2: ESTADO COLOMBIANO\" AS \"Pr. Resp. 2: ESTADO COLOMBIANO\",\n  \"Extract\".\"Tipificación 1: AMENAZA\" AS \"Tipificación 1: AMENAZA\",\n  \"Extract\".\"Tipificación 2: COLECTIVO AMENAZADO\" AS \"Tipificación 2: COLECTIVO AMENAZADO\",\n  \"Extract\".\"Tipificación 3: EJECUCIÓN EXTRAJUDICIAL\" AS \"Tipificación 3: EJECUCIÓN EXTRAJUDICIAL\",\n  \"Extract\".\"Tipificación 4: OTRA\" AS \"Tipificación 4: OTRA\"\nFROM \"Extract\".\"Extract\" \"Extract\"\nLIMIT 1000"}}
{"ts":"2018-08-31T02:34:58.457","pid":4892,"tid":"23b8","sev":"info","req":"1","sess":"3","k":"query-running","v":{"worker-slot":0}}
{"ts":"2018-08-31T02:34:58.462","pid":4892,"tid":"23b8","sev":"info","req":"1","sess":"3","k":"query-result-sent","v":{"success":true,"time-since-query-end":1.77e-06,"transferred-volume-mb":0.0372276}}
{"ts":"2018-08-31T02:34:58.463","pid":4892,"tid":"23b8","sev":"info","req":"1","sess":"3","k":"query-end","v":{"client-session-id":"","elapsed":0.00566283,"parsing-time":6.2641e-05,"compilation-time":0.00385508,"execution-time":0.00135015,"time-to-schedule":3.9283e-05,"lock-acquisition-time":1.769e-06,"peak-transaction-memory-mb":0.181717,"peak-result-buffer-memory-mb":0.250122,"peak-result-buffer-disk-mb":0,"result-size-mb":0.0372276,"spooling":false,"query-settings-active":false,"plan-cache-status":"cache miss","plan-cache-hit-count":0,"cols":14,"rows":251,"query-trunc":"SELECT \"Extract\".\"Amenaza Paramilitar\" AS \"Amenaza Paramilitar\",\n  \"Extract\".\"Amenaza de Estado\" AS \"Amenaza de Estado\",\n  \"Extract\".\"Departamento\" AS \"Departamento\",\n  \"Extract\".\"Día\" AS \"Día\",\n  \"Extract\".\"Fecha\" AS \"Fecha\",\n  \"Extract\".\"Mes\" AS \"Mes\",\n  \"Extract\".\"Municipio\" AS \"Municipio\",\n  1 AS \"Number of Records\",\n  \"Extract\".\"Pr. Resp. 1: PARAMILITARES\" AS \"Pr. Resp. 1: PARAMILITARES\",\n  \"Extract\".\"Pr. Resp. 2: ESTADO COLOMBIANO\" AS \"Pr. Resp. 2: ESTADO COLOMBIANO\",\n  \"Extract\".\"Tipificación 1: AMENAZA\" AS \"Tipificación 1: AMENAZA\",\n  \"Extract\".\"Tipificación 2: COLECTIVO AMENAZADO\" AS \"Tipificación 2: COLECTIVO AMENAZADO\",\n  \"Extract\".\"Tipificación 3: EJECUCIÓN EXTRAJUDICIAL\" AS \"Tipificación 3: EJECUCIÓN EXTRAJUDICIAL\",\n  \"Extract\".\"Tipificación 4: OTRA\" AS \"Tipificación 4: OTRA\"\nFROM \"Extract\".\"Extract\" \"Extract\"\nLIMIT 1000"}}
{"ts":"2018-08-31T02:48:36.862","pid":4892,"tid":"1aec","sev":"trace","req":"2","sess":"3","k":"request-header-received","v":{"len":100,"type":"Q"}}
{"ts":"2018-08-31T02:48:36.862","pid":4892,"tid":"1ae8","sev":"info","req":"2","sess":"3","k":"query-begin","v":{"client-session-id":"","spooling":false,"query-settings-active":false,"query":"SELECT \"Extract\".\"Departamento\" AS \"Departamento\"\nFROM \"Extract\".\"Extract\" \"Extract\"\nGROUP BY 1"}}
{"ts":"2018-08-31T02:48:36.862","pid":4892,"tid":"e10","sev":"info","req":"2","sess":"3","k":"query-running","v":{"worker-slot":3}}
{"ts":"2018-08-31T02:48:36.897","pid":4892,"tid":"e10","sev":"info","req":"2","sess":"3","k":"query-result-sent","v":{"success":true,"time-since-query-end":1.062e-06,"transferred-volume-mb":0.000424385}}
{"ts":"2018-08-31T02:48:36.897","pid":4892,"tid":"e10","sev":"info","req":"2","sess":"3","k":"query-end","v":{"client-session-id":"","elapsed":0.0351219,"parsing-time":5.0963e-05,"compilation-time":0.00191993,"execution-time":0.0329669,"time-to-schedule":3.6453e-05,"lock-acquisition-time":1.416e-06,"peak-transaction-memory-mb":0.0312805,"peak-result-buffer-memory-mb":0.187653,"peak-result-buffer-disk-mb":0,"result-size-mb":0.000424385,"spooling":false,"query-settings-active":false,"plan-cache-status":"cache miss","plan-cache-hit-count":0,"cols":1,"rows":20,"query-trunc":"SELECT \"Extract\".\"Departamento\" AS \"Departamento\"\nFROM \"Extract\".\"Extract\" \"Extract\"\nGROUP BY 1"}}
{"ts":"2018-08-31T02:49:01.353","pid":4892,"tid":"1aec","sev":"trace","req":"3","sess":"3","k":"request-header-received","v":{"len":186,"type":"Q"}}
{"ts":"2018-08-31T02:49:01.353","pid":4892,"tid":"1ae8","sev":"info","req":"3","sess":"3","k":"query-begin","v":{"client-session-id":"","spooling":false,"query-settings-active":false,"query":"SELECT \"Extract\".\"Departamento\" AS \"Departamento\",\n  SUM(\"Extract\".\"Pr. Resp. 1: PARAMILITARES\") AS \"sum:Pr. Resp. 1: PARAMILITARES:ok\"\nFROM \"Extract\".\"Extract\" \"Extract\"\nGROUP BY 1"}}
{"ts":"2018-08-31T02:49:01.353","pid":4892,"tid":"150","sev":"info","req":"3","sess":"3","k":"query-running","v":{"worker-slot":1}}
{"ts":"2018-08-31T02:49:01.372","pid":4892,"tid":"150","sev":"info","req":"3","sess":"3","k":"query-result-sent","v":{"success":true,"time-since-query-end":2.477e-06,"transferred-volume-mb":0.000679016}}
{"ts":"2018-08-31T02:49:01.372","pid":4892,"tid":"150","sev":"info","req":"3","sess":"3","k":"query-end","v":{"client-session-id":"","elapsed":0.0190454,"parsing-time":4.1053e-05,"compilation-time":0.0183224,"execution-time":0.000382925,"time-to-schedule":8.0336e-05,"lock-acquisition-time":1.416e-06,"peak-transaction-memory-mb":0.0312805,"peak-result-buffer-memory-mb":0.187653,"peak-result-buffer-disk-mb":0,"result-size-mb":0.000679016,"spooling":false,"query-settings-active":false,"plan-cache-status":"cache miss","plan-cache-hit-count":0,"cols":2,"rows":20,"query-trunc":"SELECT \"Extract\".\"Departamento\" AS \"Departamento\",\n  SUM(\"Extract\".\"Pr. Resp. 1: PARAMILITARES\") AS \"sum:Pr. Resp. 1: PARAMILITARES:ok\"\nFROM \"Extract\".\"Extract\" \"Extract\"\nGROUP BY 1"}}
{"ts":"2018-08-31T02:49:21.920","pid":4892,"tid":"1ae8","sev":"trace","req":"4","sess":"3","k":"request-header-received","v":{"len":268,"type":"Q"}}
{"ts":"2018-08-31T02:49:21.920","pid":4892,"tid":"1aec","sev":"info","req":"4","sess":"3","k":"query-begin","v":{"client-session-id":"","spooling":false,"query-settings-active":false,"query":"SELECT \"Extract\".\"Departamento\" AS \"Departamento\",\n  SUM(\"Extract\".\"Pr. Resp. 1: PARAMILITARES\") AS \"sum:Pr. Resp. 1: PARAMILITARES:ok\",\n  SUM(\"Extract\".\"Tipificación 1: AMENAZA\") AS \"sum:Tipificación 1: AMENAZA:ok\"\nFROM \"Extract\".\"Extract\" \"Extract\"\nGROUP BY 1"}}
{"ts":"2018-08-31T02:49:21.920","pid":4892,"tid":"b30","sev":"info","req":"4","sess":"3","k":"query-running","v":{"worker-slot":2}}
{"ts":"2018-08-31T02:49:21.923","pid":4892,"tid":"b30","sev":"info","req":"4","sess":"3","k":"query-end","v":{"client-session-id":"","elapsed":0.00225968,"parsing-time":2.5128e-05,"compilation-time":0.00171856,"execution-time":0.00032807,"time-to-schedule":2.902e-05,"lock-acquisition-time":1.061e-06,"peak-transaction-memory-mb":0.0684357,"peak-result-buffer-memory-mb":0.187653,"peak-result-buffer-disk-mb":0,"result-size-mb":0.000955582,"spooling":false,"query-settings-active":false,"plan-cache-status":"cache miss","plan-cache-hit-count":0,"cols":3,"rows":20,"query-trunc":"SELECT \"Extract\".\"Departamento\" AS \"Departamento\",\n  SUM(\"Extract\".\"Pr. Resp. 1: PARAMILITARES\") AS \"sum:Pr. Resp. 1: PARAMILITARES:ok\",\n  SUM(\"Extract\".\"Tipificación 1: AMENAZA\") AS \"sum:Tipificación 1: AMENAZA:ok\"\nFROM \"Extract\".\"Extract\" \"Extract\"\nGROUP BY 1"}}
{"ts":"2018-08-31T02:49:21.923","pid":4892,"tid":"1ae8","sev":"info","req":"4","sess":"3","k":"query-result-sent","v":{"success":true,"time-since-query-end":6.618e-05,"transferred-volume-mb":0.000955582}}
{"ts":"2018-08-31T02:49:33.948","pid":4892,"tid":"1ae8","sev":"trace","req":"5","sess":"3","k":"request-header-received","v":{"len":270,"type":"Q"}}
{"ts":"2018-08-31T02:49:33.948","pid":4892,"tid":"1aec","sev":"info","req":"5","sess":"3","k":"query-begin","v":{"client-session-id":"","spooling":false,"query-settings-active":false,"query":"SELECT \"Extract\".\"Departamento\" AS \"Departamento\",\n  COUNT(\"Extract\".\"Pr. Resp. 1: PARAMILITARES\") AS \"cnt:Pr. Resp. 1: PARAMILITARES:ok\",\n  SUM(\"Extract\".\"Tipificación 1: AMENAZA\") AS \"sum:Tipificación 1: AMENAZA:ok\"\nFROM \"Extract\".\"Extract\" \"Extract\"\nGROUP BY 1"}}
{"ts":"2018-08-31T02:49:33.948","pid":4892,"tid":"23b8","sev":"info","req":"5","sess":"3","k":"query-running","v":{"worker-slot":0}}
{"ts":"2018-08-31T02:49:33.950","pid":4892,"tid":"23b8","sev":"info","req":"5","sess":"3","k":"query-end","v":{"client-session-id":"","elapsed":0.00228481,"parsing-time":3.3621e-05,"compilation-time":0.00182579,"execution-time":0.000281,"time-to-schedule":3.4683e-05,"lock-acquisition-time":1.062e-06,"peak-transaction-memory-mb":0.0684357,"peak-result-buffer-memory-mb":0.187653,"peak-result-buffer-disk-mb":0,"result-size-mb":0.00097847,"spooling":false,"query-settings-active":false,"plan-cache-status":"cache miss","plan-cache-hit-count":0,"cols":3,"rows":20,"query-trunc":"SELECT \"Extract\".\"Departamento\" AS \"Departamento\",\n  COUNT(\"Extract\".\"Pr. Resp. 1: PARAMILITARES\") AS \"cnt:Pr. Resp. 1: PARAMILITARES:ok\",\n  SUM(\"Extract\".\"Tipificación 1: AMENAZA\") AS \"sum:Tipificación 1: AMENAZA:ok\"\nFROM \"Extract\".\"Extract\" \"Extract\"\nGROUP BY 1"}}
{"ts":"2018-08-31T02:49:33.951","pid":4892,"tid":"1ae8","sev":"info","req":"5","sess":"3","k":"query-result-sent","v":{"success":true,"time-since-query-end":0.000127406,"transferred-volume-mb":0.00097847}}
